Line 48: Class MSComCtl2.UpDown of control UpDownQuantidadePagamentosMultiTef was not a loaded control class.
Line 96: Class TabDlg.SSTab of control TabTicketCar was not a loaded control class.
Line 279: Class MSComCtl2.UpDown of control UpDownNumeroControleCancelamento was not a loaded control class.
Line 350: Class MSComCtl2.UpDown of control UpDownNumeroControleReimpressao was not a loaded control class.
Line 454: Class MSComCtl2.UpDown of control UpDownNumeroParcelasCrediario was not a loaded control class.
Line 525: Class MSComCtl2.UpDown of control UpDown3 was not a loaded control class.
Line 580: Class MSComCtl2.UpDown of control UpDownNumeroParcelasCredito was not a loaded control class.
Line 648: Class MSComCtl2.UpDown of control UpDown4 was not a loaded control class.
Line 662: Class MSComCtl2.UpDown of control UpDown5 was not a loaded control class.
Line 55: The property name _ExtentX in UpDownQuantidadePagamentosMultiTef is invalid.
Line 56: The property name _ExtentY in UpDownQuantidadePagamentosMultiTef is invalid.
Line 57: The property name _Version in UpDownQuantidadePagamentosMultiTef is invalid.
Line 58: The property name Value in UpDownQuantidadePagamentosMultiTef is invalid.
Line 59: The property name Max in UpDownQuantidadePagamentosMultiTef is invalid.
Line 60: The property name Min in UpDownQuantidadePagamentosMultiTef is invalid.
Line 102: The property name _ExtentX in TabTicketCar is invalid.
Line 103: The property name _ExtentY in TabTicketCar is invalid.
Line 104: The property name _Version in TabTicketCar is invalid.
Line 105: The property name Tabs in TabTicketCar is invalid.
Line 106: The property name TabsPerRow in TabTicketCar is invalid.
Line 107: The property name TabHeight in TabTicketCar is invalid.
Line 108: The property name TabCaption(0) in TabTicketCar is invalid.
Line 109: The property name TabPicture(0) in TabTicketCar is invalid.
Line 110: The property name Tab(0).ControlEnabled in TabTicketCar is invalid.
Line 111: The property name Tab(0).Control(0) in TabTicketCar is invalid.
Line 112: The property name Tab(0).Control(0).Enabled in TabTicketCar is invalid.
Line 113: The property name Tab(0).Control(1) in TabTicketCar is invalid.
Line 114: The property name Tab(0).Control(1).Enabled in TabTicketCar is invalid.
Line 115: The property name Tab(0).ControlCount in TabTicketCar is invalid.
Line 116: The property name TabCaption(1) in TabTicketCar is invalid.
Line 117: The property name TabPicture(1) in TabTicketCar is invalid.
Line 118: The property name Tab(1).ControlEnabled in TabTicketCar is invalid.
Line 119: The property name Tab(1).Control(0) in TabTicketCar is invalid.
Line 120: The property name Tab(1).Control(1) in TabTicketCar is invalid.
Line 121: The property name Tab(1).ControlCount in TabTicketCar is invalid.
Line 122: The property name TabCaption(2) in TabTicketCar is invalid.
Line 123: The property name TabPicture(2) in TabTicketCar is invalid.
Line 124: The property name Tab(2).ControlEnabled in TabTicketCar is invalid.
Line 125: The property name Tab(2).Control(0) in TabTicketCar is invalid.
Line 126: The property name Tab(2).Control(1) in TabTicketCar is invalid.
Line 127: The property name Tab(2).ControlCount in TabTicketCar is invalid.
Line 128: The property name TabCaption(3) in TabTicketCar is invalid.
Line 129: The property name TabPicture(3) in TabTicketCar is invalid.
Line 130: The property name Tab(3).ControlEnabled in TabTicketCar is invalid.
Line 131: The property name Tab(3).Control(0) in TabTicketCar is invalid.
Line 132: The property name Tab(3).Control(1) in TabTicketCar is invalid.
Line 133: The property name Tab(3).Control(2) in TabTicketCar is invalid.
Line 134: The property name Tab(3).ControlCount in TabTicketCar is invalid.
Line 135: The property name TabCaption(4) in TabTicketCar is invalid.
Line 136: The property name TabPicture(4) in TabTicketCar is invalid.
Line 137: The property name Tab(4).ControlEnabled in TabTicketCar is invalid.
Line 138: The property name Tab(4).Control(0) in TabTicketCar is invalid.
Line 139: The property name Tab(4).Control(1) in TabTicketCar is invalid.
Line 140: The property name Tab(4).ControlCount in TabTicketCar is invalid.
Line 141: The property name TabCaption(5) in TabTicketCar is invalid.
Line 142: The property name TabPicture(5) in TabTicketCar is invalid.
Line 143: The property name Tab(5).ControlEnabled in TabTicketCar is invalid.
Line 144: The property name Tab(5).Control(0) in TabTicketCar is invalid.
Line 145: The property name Tab(5).Control(1) in TabTicketCar is invalid.
Line 146: The property name Tab(5).ControlCount in TabTicketCar is invalid.
Line 147: The property name TabCaption(6) in TabTicketCar is invalid.
Line 148: The property name TabPicture(6) in TabTicketCar is invalid.
Line 149: The property name Tab(6).ControlEnabled in TabTicketCar is invalid.
Line 150: The property name Tab(6).Control(0) in TabTicketCar is invalid.
Line 151: The property name Tab(6).Control(1) in TabTicketCar is invalid.
Line 152: The property name Tab(6).ControlCount in TabTicketCar is invalid.
Line 285: The property name _ExtentX in UpDownNumeroControleCancelamento is invalid.
Line 286: The property name _ExtentY in UpDownNumeroControleCancelamento is invalid.
Line 287: The property name _Version in UpDownNumeroControleCancelamento is invalid.
Line 288: The property name Value in UpDownNumeroControleCancelamento is invalid.
Line 289: The property name Max in UpDownNumeroControleCancelamento is invalid.
Line 290: The property name Min in UpDownNumeroControleCancelamento is invalid.
Line 356: The property name _ExtentX in UpDownNumeroControleReimpressao is invalid.
Line 357: The property name _ExtentY in UpDownNumeroControleReimpressao is invalid.
Line 358: The property name _Version in UpDownNumeroControleReimpressao is invalid.
Line 359: The property name Value in UpDownNumeroControleReimpressao is invalid.
Line 360: The property name Max in UpDownNumeroControleReimpressao is invalid.
Line 361: The property name Min in UpDownNumeroControleReimpressao is invalid.
Line 460: The property name _ExtentX in UpDownNumeroParcelasCrediario is invalid.
Line 461: The property name _ExtentY in UpDownNumeroParcelasCrediario is invalid.
Line 462: The property name _Version in UpDownNumeroParcelasCrediario is invalid.
Line 463: The property name Value in UpDownNumeroParcelasCrediario is invalid.
Line 464: The property name Max in UpDownNumeroParcelasCrediario is invalid.
Line 465: The property name Min in UpDownNumeroParcelasCrediario is invalid.
Line 531: The property name _ExtentX in UpDown3 is invalid.
Line 532: The property name _ExtentY in UpDown3 is invalid.
Line 533: The property name _Version in UpDown3 is invalid.
Line 534: The property name Value in UpDown3 is invalid.
Line 535: The property name Max in UpDown3 is invalid.
Line 536: The property name Min in UpDown3 is invalid.
Line 586: The property name _ExtentX in UpDownNumeroParcelasCredito is invalid.
Line 587: The property name _ExtentY in UpDownNumeroParcelasCredito is invalid.
Line 588: The property name _Version in UpDownNumeroParcelasCredito is invalid.
Line 589: The property name Value in UpDownNumeroParcelasCredito is invalid.
Line 590: The property name Max in UpDownNumeroParcelasCredito is invalid.
Line 591: The property name Min in UpDownNumeroParcelasCredito is invalid.
Line 654: The property name _ExtentX in UpDown4 is invalid.
Line 655: The property name _ExtentY in UpDown4 is invalid.
Line 656: The property name _Version in UpDown4 is invalid.
Line 657: The property name Value in UpDown4 is invalid.
Line 658: The property name Max in UpDown4 is invalid.
Line 659: The property name Min in UpDown4 is invalid.
Line 668: The property name _ExtentX in UpDown5 is invalid.
Line 669: The property name _ExtentY in UpDown5 is invalid.
Line 670: The property name _Version in UpDown5 is invalid.
Line 671: The property name Value in UpDown5 is invalid.
Line 672: The property name Max in UpDown5 is invalid.
Line 673: The property name Min in UpDown5 is invalid.
